<?xml version="1.0" encoding="UTF-8"?>
<!-- Generated by org.testng.reporters.JUnitReportReporter -->
<testsuite skipped="0" hostname="DESKTOP-GP5JC0J" name="src.com.amazon.tests.LoginTest" tests="1" failures="0" timestamp="15 Jun 2018 14:19:50 GMT" time="56.154" errors="0">
  <testcase name="testvalidlogin" time="56.154" classname="src.com.amazon.tests.LoginTest"/>
</testsuite> <!-- src.com.amazon.tests.LoginTest -->
